<?xml version="1.0" encoding="UTF-8"?>
<testsuite xmlns:xsi="http://www.w3.org/2001/XMLSchema-instance" xsi:noNamespaceSchemaLocation="https://maven.apache.org/surefire/maven-surefire-plugin/xsd/surefire-test-report.xsd" name="animechat.rest.api.IntergrationApplicationTests" time="6.078" tests="15" errors="0" skipped="0" failures="0">
  <properties>
    <property name="sun.desktop" value="windows"/>
    <property name="awt.toolkit" value="sun.awt.windows.WToolkit"/>
    <property name="java.specification.version" value="12"/>
    <property name="sun.cpu.isalist" value="amd64"/>
    <property name="sun.jnu.encoding" value="Cp1252"/>
    <property name="java.class.path" value="D:\School\Fontys\Leerjaar_2\Individueel\animechat-rest\target\test-classes;D:\School\Fontys\Leerjaar_2\Individueel\animechat-rest\target\classes;C:\Users\beaut\.m2\repository\org\springframework\boot\spring-boot-starter\2.2.1.RELEASE\spring-boot-starter-2.2.1.RELEASE.jar;C:\Users\beaut\.m2\repository\org\springframework\boot\spring-boot\2.2.1.RELEASE\spring-boot-2.2.1.RELEASE.jar;C:\Users\beaut\.m2\repository\org\springframework\spring-context\5.2.1.RELEASE\spring-context-5.2.1.RELEASE.jar;C:\Users\beaut\.m2\repository\org\springframework\boot\spring-boot-autoconfigure\2.2.1.RELEASE\spring-boot-autoconfigure-2.2.1.RELEASE.jar;C:\Users\beaut\.m2\repository\org\springframework\boot\spring-boot-starter-logging\2.2.1.RELEASE\spring-boot-starter-logging-2.2.1.RELEASE.jar;C:\Users\beaut\.m2\repository\ch\qos\logback\logback-classic\1.2.3\logback-classic-1.2.3.jar;C:\Users\beaut\.m2\repository\ch\qos\logback\logback-core\1.2.3\logback-core-1.2.3.jar;C:\Users\beaut\.m2\repository\org\apache\logging\log4j\log4j-to-slf4j\2.12.1\log4j-to-slf4j-2.12.1.jar;C:\Users\beaut\.m2\repository\org\apache\logging\log4j\log4j-api\2.12.1\log4j-api-2.12.1.jar;C:\Users\beaut\.m2\repository\org\slf4j\jul-to-slf4j\1.7.29\jul-to-slf4j-1.7.29.jar;C:\Users\beaut\.m2\repository\jakarta\annotation\jakarta.annotation-api\1.3.5\jakarta.annotation-api-1.3.5.jar;C:\Users\beaut\.m2\repository\org\springframework\spring-core\5.2.1.RELEASE\spring-core-5.2.1.RELEASE.jar;C:\Users\beaut\.m2\repository\org\springframework\spring-jcl\5.2.1.RELEASE\spring-jcl-5.2.1.RELEASE.jar;C:\Users\beaut\.m2\repository\org\yaml\snakeyaml\1.25\snakeyaml-1.25.jar;C:\Users\beaut\.m2\repository\com\google\code\gson\gson\2.8.6\gson-2.8.6.jar;C:\Users\beaut\.m2\repository\mysql\mysql-connector-java\8.0.18\mysql-connector-java-8.0.18.jar;C:\Users\beaut\.m2\repository\org\springframework\boot\spring-boot-starter-data-jpa\2.1.3.RELEASE\spring-boot-starter-data-jpa-2.1.3.RELEASE.jar;C:\Users\beaut\.m2\repository\org\springframework\boot\spring-boot-starter-aop\2.2.1.RELEASE\spring-boot-starter-aop-2.2.1.RELEASE.jar;C:\Users\beaut\.m2\repository\org\springframework\spring-aop\5.2.1.RELEASE\spring-aop-5.2.1.RELEASE.jar;C:\Users\beaut\.m2\repository\org\aspectj\aspectjweaver\1.9.4\aspectjweaver-1.9.4.jar;C:\Users\beaut\.m2\repository\org\springframework\boot\spring-boot-starter-jdbc\2.2.1.RELEASE\spring-boot-starter-jdbc-2.2.1.RELEASE.jar;C:\Users\beaut\.m2\repository\com\zaxxer\HikariCP\3.4.1\HikariCP-3.4.1.jar;C:\Users\beaut\.m2\repository\org\springframework\spring-jdbc\5.2.1.RELEASE\spring-jdbc-5.2.1.RELEASE.jar;C:\Users\beaut\.m2\repository\javax\transaction\javax.transaction-api\1.3\javax.transaction-api-1.3.jar;C:\Users\beaut\.m2\repository\javax\xml\bind\jaxb-api\2.3.1\jaxb-api-2.3.1.jar;C:\Users\beaut\.m2\repository\javax\activation\javax.activation-api\1.2.0\javax.activation-api-1.2.0.jar;C:\Users\beaut\.m2\repository\org\hibernate\hibernate-core\5.4.8.Final\hibernate-core-5.4.8.Final.jar;C:\Users\beaut\.m2\repository\org\jboss\logging\jboss-logging\3.4.1.Final\jboss-logging-3.4.1.Final.jar;C:\Users\beaut\.m2\repository\javax\persistence\javax.persistence-api\2.2\javax.persistence-api-2.2.jar;C:\Users\beaut\.m2\repository\org\javassist\javassist\3.24.0-GA\javassist-3.24.0-GA.jar;C:\Users\beaut\.m2\repository\net\bytebuddy\byte-buddy\1.10.2\byte-buddy-1.10.2.jar;C:\Users\beaut\.m2\repository\antlr\antlr\2.7.7\antlr-2.7.7.jar;C:\Users\beaut\.m2\repository\org\jboss\jandex\2.0.5.Final\jandex-2.0.5.Final.jar;C:\Users\beaut\.m2\repository\org\dom4j\dom4j\2.1.1\dom4j-2.1.1.jar;C:\Users\beaut\.m2\repository\org\hibernate\common\hibernate-commons-annotations\5.1.0.Final\hibernate-commons-annotations-5.1.0.Final.jar;C:\Users\beaut\.m2\repository\org\glassfish\jaxb\jaxb-runtime\2.3.2\jaxb-runtime-2.3.2.jar;C:\Users\beaut\.m2\repository\jakarta\xml\bind\jakarta.xml.bind-api\2.3.2\jakarta.xml.bind-api-2.3.2.jar;C:\Users\beaut\.m2\repository\org\glassfish\jaxb\txw2\2.3.2\txw2-2.3.2.jar;C:\Users\beaut\.m2\repository\com\sun\istack\istack-commons-runtime\3.0.8\istack-commons-runtime-3.0.8.jar;C:\Users\beaut\.m2\repository\org\jvnet\staxex\stax-ex\1.8.1\stax-ex-1.8.1.jar;C:\Users\beaut\.m2\repository\com\sun\xml\fastinfoset\FastInfoset\1.2.16\FastInfoset-1.2.16.jar;C:\Users\beaut\.m2\repository\jakarta\activation\jakarta.activation-api\1.2.1\jakarta.activation-api-1.2.1.jar;C:\Users\beaut\.m2\repository\org\springframework\data\spring-data-jpa\2.2.1.RELEASE\spring-data-jpa-2.2.1.RELEASE.jar;C:\Users\beaut\.m2\repository\org\springframework\data\spring-data-commons\2.2.1.RELEASE\spring-data-commons-2.2.1.RELEASE.jar;C:\Users\beaut\.m2\repository\org\springframework\spring-orm\5.2.1.RELEASE\spring-orm-5.2.1.RELEASE.jar;C:\Users\beaut\.m2\repository\org\springframework\spring-tx\5.2.1.RELEASE\spring-tx-5.2.1.RELEASE.jar;C:\Users\beaut\.m2\repository\org\springframework\spring-aspects\5.2.1.RELEASE\spring-aspects-5.2.1.RELEASE.jar;C:\Users\beaut\.m2\repository\org\springframework\boot\spring-boot-starter-test\2.1.3.RELEASE\spring-boot-starter-test-2.1.3.RELEASE.jar;C:\Users\beaut\.m2\repository\org\springframework\boot\spring-boot-test\2.2.1.RELEASE\spring-boot-test-2.2.1.RELEASE.jar;C:\Users\beaut\.m2\repository\org\springframework\boot\spring-boot-test-autoconfigure\2.2.1.RELEASE\spring-boot-test-autoconfigure-2.2.1.RELEASE.jar;C:\Users\beaut\.m2\repository\com\jayway\jsonpath\json-path\2.4.0\json-path-2.4.0.jar;C:\Users\beaut\.m2\repository\net\minidev\json-smart\2.3\json-smart-2.3.jar;C:\Users\beaut\.m2\repository\net\minidev\accessors-smart\1.2\accessors-smart-1.2.jar;C:\Users\beaut\.m2\repository\org\ow2\asm\asm\5.0.4\asm-5.0.4.jar;C:\Users\beaut\.m2\repository\junit\junit\4.12\junit-4.12.jar;C:\Users\beaut\.m2\repository\org\assertj\assertj-core\3.13.2\assertj-core-3.13.2.jar;C:\Users\beaut\.m2\repository\org\mockito\mockito-core\3.1.0\mockito-core-3.1.0.jar;C:\Users\beaut\.m2\repository\net\bytebuddy\byte-buddy-agent\1.10.2\byte-buddy-agent-1.10.2.jar;C:\Users\beaut\.m2\repository\org\objenesis\objenesis\2.6\objenesis-2.6.jar;C:\Users\beaut\.m2\repository\org\hamcrest\hamcrest-core\2.1\hamcrest-core-2.1.jar;C:\Users\beaut\.m2\repository\org\hamcrest\hamcrest\2.1\hamcrest-2.1.jar;C:\Users\beaut\.m2\repository\org\hamcrest\hamcrest-library\2.1\hamcrest-library-2.1.jar;C:\Users\beaut\.m2\repository\org\skyscreamer\jsonassert\1.5.0\jsonassert-1.5.0.jar;C:\Users\beaut\.m2\repository\com\vaadin\external\google\android-json\0.0.20131108.vaadin1\android-json-0.0.20131108.vaadin1.jar;C:\Users\beaut\.m2\repository\org\xmlunit\xmlunit-core\2.6.3\xmlunit-core-2.6.3.jar;C:\Users\beaut\.m2\repository\org\springframework\boot\spring-boot-starter-web\2.2.1.RELEASE\spring-boot-starter-web-2.2.1.RELEASE.jar;C:\Users\beaut\.m2\repository\org\springframework\boot\spring-boot-starter-json\2.2.1.RELEASE\spring-boot-starter-json-2.2.1.RELEASE.jar;C:\Users\beaut\.m2\repository\com\fasterxml\jackson\core\jackson-databind\2.10.0\jackson-databind-2.10.0.jar;C:\Users\beaut\.m2\repository\com\fasterxml\jackson\core\jackson-core\2.10.0\jackson-core-2.10.0.jar;C:\Users\beaut\.m2\repository\com\fasterxml\jackson\datatype\jackson-datatype-jdk8\2.10.0\jackson-datatype-jdk8-2.10.0.jar;C:\Users\beaut\.m2\repository\com\fasterxml\jackson\datatype\jackson-datatype-jsr310\2.10.0\jackson-datatype-jsr310-2.10.0.jar;C:\Users\beaut\.m2\repository\com\fasterxml\jackson\module\jackson-module-parameter-names\2.10.0\jackson-module-parameter-names-2.10.0.jar;C:\Users\beaut\.m2\repository\org\springframework\boot\spring-boot-starter-tomcat\2.2.1.RELEASE\spring-boot-starter-tomcat-2.2.1.RELEASE.jar;C:\Users\beaut\.m2\repository\org\apache\tomcat\embed\tomcat-embed-core\9.0.27\tomcat-embed-core-9.0.27.jar;C:\Users\beaut\.m2\repository\org\apache\tomcat\embed\tomcat-embed-el\9.0.27\tomcat-embed-el-9.0.27.jar;C:\Users\beaut\.m2\repository\org\apache\tomcat\embed\tomcat-embed-websocket\9.0.27\tomcat-embed-websocket-9.0.27.jar;C:\Users\beaut\.m2\repository\org\springframework\boot\spring-boot-starter-validation\2.2.1.RELEASE\spring-boot-starter-validation-2.2.1.RELEASE.jar;C:\Users\beaut\.m2\repository\jakarta\validation\jakarta.validation-api\2.0.1\jakarta.validation-api-2.0.1.jar;C:\Users\beaut\.m2\repository\org\hibernate\validator\hibernate-validator\6.0.18.Final\hibernate-validator-6.0.18.Final.jar;C:\Users\beaut\.m2\repository\org\springframework\spring-webmvc\5.2.1.RELEASE\spring-webmvc-5.2.1.RELEASE.jar;C:\Users\beaut\.m2\repository\org\springframework\spring-expression\5.2.1.RELEASE\spring-expression-5.2.1.RELEASE.jar;C:\Users\beaut\.m2\repository\io\springfox\springfox-swagger2\2.6.1\springfox-swagger2-2.6.1.jar;C:\Users\beaut\.m2\repository\io\swagger\swagger-annotations\1.5.10\swagger-annotations-1.5.10.jar;C:\Users\beaut\.m2\repository\io\swagger\swagger-models\1.5.10\swagger-models-1.5.10.jar;C:\Users\beaut\.m2\repository\com\fasterxml\jackson\core\jackson-annotations\2.10.0\jackson-annotations-2.10.0.jar;C:\Users\beaut\.m2\repository\io\springfox\springfox-spi\2.6.1\springfox-spi-2.6.1.jar;C:\Users\beaut\.m2\repository\io\springfox\springfox-core\2.6.1\springfox-core-2.6.1.jar;C:\Users\beaut\.m2\repository\io\springfox\springfox-schema\2.6.1\springfox-schema-2.6.1.jar;C:\Users\beaut\.m2\repository\io\springfox\springfox-swagger-common\2.6.1\springfox-swagger-common-2.6.1.jar;C:\Users\beaut\.m2\repository\io\springfox\springfox-spring-web\2.6.1\springfox-spring-web-2.6.1.jar;C:\Users\beaut\.m2\repository\com\google\guava\guava\18.0\guava-18.0.jar;C:\Users\beaut\.m2\repository\com\fasterxml\classmate\1.5.1\classmate-1.5.1.jar;C:\Users\beaut\.m2\repository\org\slf4j\slf4j-api\1.7.29\slf4j-api-1.7.29.jar;C:\Users\beaut\.m2\repository\org\springframework\plugin\spring-plugin-core\1.2.0.RELEASE\spring-plugin-core-1.2.0.RELEASE.jar;C:\Users\beaut\.m2\repository\org\springframework\plugin\spring-plugin-metadata\1.2.0.RELEASE\spring-plugin-metadata-1.2.0.RELEASE.jar;C:\Users\beaut\.m2\repository\org\mapstruct\mapstruct\1.0.0.Final\mapstruct-1.0.0.Final.jar;C:\Users\beaut\.m2\repository\io\springfox\springfox-swagger-ui\2.6.1\springfox-swagger-ui-2.6.1.jar;C:\Users\beaut\.m2\repository\org\springframework\spring-test\5.2.2.RELEASE\spring-test-5.2.2.RELEASE.jar;C:\Users\beaut\.m2\repository\org\springframework\spring-web\5.2.2.RELEASE\spring-web-5.2.2.RELEASE.jar;C:\Users\beaut\.m2\repository\org\springframework\spring-beans\5.2.1.RELEASE\spring-beans-5.2.1.RELEASE.jar;C:\Users\beaut\.m2\repository\com\google\firebase\firebase-admin\6.11.0\firebase-admin-6.11.0.jar;C:\Users\beaut\.m2\repository\com\google\api-client\google-api-client\1.30.1\google-api-client-1.30.1.jar;C:\Users\beaut\.m2\repository\com\google\oauth-client\google-oauth-client\1.30.1\google-oauth-client-1.30.1.jar;C:\Users\beaut\.m2\repository\com\google\http-client\google-http-client-jackson2\1.30.1\google-http-client-jackson2-1.30.1.jar;C:\Users\beaut\.m2\repository\com\google\api-client\google-api-client-gson\1.30.1\google-api-client-gson-1.30.1.jar;C:\Users\beaut\.m2\repository\com\google\http-client\google-http-client-gson\1.30.1\google-http-client-gson-1.30.1.jar;C:\Users\beaut\.m2\repository\com\google\http-client\google-http-client\1.30.1\google-http-client-1.30.1.jar;C:\Users\beaut\.m2\repository\org\apache\httpcomponents\httpclient\4.5.10\httpclient-4.5.10.jar;C:\Users\beaut\.m2\repository\org\apache\httpcomponents\httpcore\4.4.12\httpcore-4.4.12.jar;C:\Users\beaut\.m2\repository\commons-codec\commons-codec\1.13\commons-codec-1.13.jar;C:\Users\beaut\.m2\repository\com\google\code\findbugs\jsr305\3.0.2\jsr305-3.0.2.jar;C:\Users\beaut\.m2\repository\com\google\j2objc\j2objc-annotations\1.3\j2objc-annotations-1.3.jar;C:\Users\beaut\.m2\repository\io\opencensus\opencensus-api\0.21.0\opencensus-api-0.21.0.jar;C:\Users\beaut\.m2\repository\io\grpc\grpc-context\1.19.0\grpc-context-1.19.0.jar;C:\Users\beaut\.m2\repository\io\opencensus\opencensus-contrib-http-util\0.21.0\opencensus-contrib-http-util-0.21.0.jar;C:\Users\beaut\.m2\repository\com\google\api\api-common\1.8.1\api-common-1.8.1.jar;C:\Users\beaut\.m2\repository\javax\annotation\javax.annotation-api\1.3.2\javax.annotation-api-1.3.2.jar;C:\Users\beaut\.m2\repository\com\google\auth\google-auth-library-oauth2-http\0.17.1\google-auth-library-oauth2-http-0.17.1.jar;C:\Users\beaut\.m2\repository\com\google\auto\value\auto-value-annotations\1.6.6\auto-value-annotations-1.6.6.jar;C:\Users\beaut\.m2\repository\com\google\auth\google-auth-library-credentials\0.17.1\google-auth-library-credentials-0.17.1.jar;C:\Users\beaut\.m2\repository\com\google\cloud\google-cloud-storage\1.91.0\google-cloud-storage-1.91.0.jar;C:\Users\beaut\.m2\repository\com\google\cloud\google-cloud-core-http\1.90.0\google-cloud-core-http-1.90.0.jar;C:\Users\beaut\.m2\repository\com\google\cloud\google-cloud-core\1.90.0\google-cloud-core-1.90.0.jar;C:\Users\beaut\.m2\repository\com\google\api\gax\1.48.1\gax-1.48.1.jar;C:\Users\beaut\.m2\repository\com\google\protobuf\protobuf-java-util\3.9.1\protobuf-java-util-3.9.1.jar;C:\Users\beaut\.m2\repository\com\google\errorprone\error_prone_annotations\2.3.2\error_prone_annotations-2.3.2.jar;C:\Users\beaut\.m2\repository\com\google\api\grpc\proto-google-iam-v1\0.12.0\proto-google-iam-v1-0.12.0.jar;C:\Users\beaut\.m2\repository\com\google\http-client\google-http-client-appengine\1.31.0\google-http-client-appengine-1.31.0.jar;C:\Users\beaut\.m2\repository\com\google\api\gax-httpjson\0.65.1\gax-httpjson-0.65.1.jar;C:\Users\beaut\.m2\repository\org\threeten\threetenbp\1.3.3\threetenbp-1.3.3.jar;C:\Users\beaut\.m2\repository\com\google\apis\google-api-services-storage\v1-rev20190624-1.30.1\google-api-services-storage-v1-rev20190624-1.30.1.jar;C:\Users\beaut\.m2\repository\com\google\cloud\google-cloud-firestore\1.21.0\google-cloud-firestore-1.21.0.jar;C:\Users\beaut\.m2\repository\com\google\cloud\google-cloud-core-grpc\1.90.0\google-cloud-core-grpc-1.90.0.jar;C:\Users\beaut\.m2\repository\com\google\api\gax-grpc\1.48.1\gax-grpc-1.48.1.jar;C:\Users\beaut\.m2\repository\io\grpc\grpc-stub\1.23.0\grpc-stub-1.23.0.jar;C:\Users\beaut\.m2\repository\io\grpc\grpc-api\1.23.0\grpc-api-1.23.0.jar;C:\Users\beaut\.m2\repository\org\codehaus\mojo\animal-sniffer-annotations\1.17\animal-sniffer-annotations-1.17.jar;C:\Users\beaut\.m2\repository\io\grpc\grpc-auth\1.23.0\grpc-auth-1.23.0.jar;C:\Users\beaut\.m2\repository\io\grpc\grpc-protobuf\1.23.0\grpc-protobuf-1.23.0.jar;C:\Users\beaut\.m2\repository\io\grpc\grpc-protobuf-lite\1.23.0\grpc-protobuf-lite-1.23.0.jar;C:\Users\beaut\.m2\repository\io\grpc\grpc-netty-shaded\1.23.0\grpc-netty-shaded-1.23.0.jar;C:\Users\beaut\.m2\repository\io\grpc\grpc-core\1.23.0\grpc-core-1.23.0.jar;C:\Users\beaut\.m2\repository\com\google\android\annotations\4.1.1.4\annotations-4.1.1.4.jar;C:\Users\beaut\.m2\repository\io\perfmark\perfmark-api\0.17.0\perfmark-api-0.17.0.jar;C:\Users\beaut\.m2\repository\io\opencensus\opencensus-contrib-grpc-metrics\0.21.0\opencensus-contrib-grpc-metrics-0.21.0.jar;C:\Users\beaut\.m2\repository\io\grpc\grpc-alts\1.23.0\grpc-alts-1.23.0.jar;C:\Users\beaut\.m2\repository\io\grpc\grpc-grpclb\1.23.0\grpc-grpclb-1.23.0.jar;C:\Users\beaut\.m2\repository\org\apache\commons\commons-lang3\3.9\commons-lang3-3.9.jar;C:\Users\beaut\.m2\repository\com\google\api\grpc\proto-google-cloud-firestore-admin-v1\1.21.0\proto-google-cloud-firestore-admin-v1-1.21.0.jar;C:\Users\beaut\.m2\repository\com\google\protobuf\protobuf-java\3.9.1\protobuf-java-3.9.1.jar;C:\Users\beaut\.m2\repository\com\google\api\grpc\proto-google-common-protos\1.16.0\proto-google-common-protos-1.16.0.jar;C:\Users\beaut\.m2\repository\com\google\api\grpc\proto-google-cloud-firestore-v1\1.21.0\proto-google-cloud-firestore-v1-1.21.0.jar;C:\Users\beaut\.m2\repository\com\google\api\grpc\proto-google-cloud-firestore-v1beta1\0.74.0\proto-google-cloud-firestore-v1beta1-0.74.0.jar;C:\Users\beaut\.m2\repository\io\opencensus\opencensus-contrib-grpc-util\0.23.0\opencensus-contrib-grpc-util-0.23.0.jar;C:\Users\beaut\.m2\repository\io\netty\netty-codec-http\4.1.43.Final\netty-codec-http-4.1.43.Final.jar;C:\Users\beaut\.m2\repository\io\netty\netty-common\4.1.43.Final\netty-common-4.1.43.Final.jar;C:\Users\beaut\.m2\repository\io\netty\netty-buffer\4.1.43.Final\netty-buffer-4.1.43.Final.jar;C:\Users\beaut\.m2\repository\io\netty\netty-codec\4.1.43.Final\netty-codec-4.1.43.Final.jar;C:\Users\beaut\.m2\repository\io\netty\netty-handler\4.1.43.Final\netty-handler-4.1.43.Final.jar;C:\Users\beaut\.m2\repository\io\netty\netty-transport\4.1.43.Final\netty-transport-4.1.43.Final.jar;C:\Users\beaut\.m2\repository\io\netty\netty-resolver\4.1.43.Final\netty-resolver-4.1.43.Final.jar;"/>
    <property name="java.vm.vendor" value="Oracle Corporation"/>
    <property name="sun.arch.data.model" value="64"/>
    <property name="user.variant" value=""/>
    <property name="java.vendor.url" value="https://java.oracle.com/"/>
    <property name="user.timezone" value="Europe/Amsterdam"/>
    <property name="os.name" value="Windows 10"/>
    <property name="java.vm.specification.version" value="12"/>
    <property name="sun.java.launcher" value="SUN_STANDARD"/>
    <property name="user.country" value="US"/>
    <property name="sun.boot.library.path" value="C:\Program Files\Java\jdk-12.0.2\bin"/>
    <property name="sun.java.command" value="C:\Users\beaut\AppData\Local\Temp\surefire18235927175254498975\surefirebooter14440035242292533041.jar C:\Users\beaut\AppData\Local\Temp\surefire18235927175254498975 2020-01-08T16-24-32_408-jvmRun1 surefire3818186917860913422tmp surefire_013037260928099518370tmp"/>
    <property name="jdk.debug" value="release"/>
    <property name="surefire.test.class.path" value="D:\School\Fontys\Leerjaar_2\Individueel\animechat-rest\target\test-classes;D:\School\Fontys\Leerjaar_2\Individueel\animechat-rest\target\classes;C:\Users\beaut\.m2\repository\org\springframework\boot\spring-boot-starter\2.2.1.RELEASE\spring-boot-starter-2.2.1.RELEASE.jar;C:\Users\beaut\.m2\repository\org\springframework\boot\spring-boot\2.2.1.RELEASE\spring-boot-2.2.1.RELEASE.jar;C:\Users\beaut\.m2\repository\org\springframework\spring-context\5.2.1.RELEASE\spring-context-5.2.1.RELEASE.jar;C:\Users\beaut\.m2\repository\org\springframework\boot\spring-boot-autoconfigure\2.2.1.RELEASE\spring-boot-autoconfigure-2.2.1.RELEASE.jar;C:\Users\beaut\.m2\repository\org\springframework\boot\spring-boot-starter-logging\2.2.1.RELEASE\spring-boot-starter-logging-2.2.1.RELEASE.jar;C:\Users\beaut\.m2\repository\ch\qos\logback\logback-classic\1.2.3\logback-classic-1.2.3.jar;C:\Users\beaut\.m2\repository\ch\qos\logback\logback-core\1.2.3\logback-core-1.2.3.jar;C:\Users\beaut\.m2\repository\org\apache\logging\log4j\log4j-to-slf4j\2.12.1\log4j-to-slf4j-2.12.1.jar;C:\Users\beaut\.m2\repository\org\apache\logging\log4j\log4j-api\2.12.1\log4j-api-2.12.1.jar;C:\Users\beaut\.m2\repository\org\slf4j\jul-to-slf4j\1.7.29\jul-to-slf4j-1.7.29.jar;C:\Users\beaut\.m2\repository\jakarta\annotation\jakarta.annotation-api\1.3.5\jakarta.annotation-api-1.3.5.jar;C:\Users\beaut\.m2\repository\org\springframework\spring-core\5.2.1.RELEASE\spring-core-5.2.1.RELEASE.jar;C:\Users\beaut\.m2\repository\org\springframework\spring-jcl\5.2.1.RELEASE\spring-jcl-5.2.1.RELEASE.jar;C:\Users\beaut\.m2\repository\org\yaml\snakeyaml\1.25\snakeyaml-1.25.jar;C:\Users\beaut\.m2\repository\com\google\code\gson\gson\2.8.6\gson-2.8.6.jar;C:\Users\beaut\.m2\repository\mysql\mysql-connector-java\8.0.18\mysql-connector-java-8.0.18.jar;C:\Users\beaut\.m2\repository\org\springframework\boot\spring-boot-starter-data-jpa\2.1.3.RELEASE\spring-boot-starter-data-jpa-2.1.3.RELEASE.jar;C:\Users\beaut\.m2\repository\org\springframework\boot\spring-boot-starter-aop\2.2.1.RELEASE\spring-boot-starter-aop-2.2.1.RELEASE.jar;C:\Users\beaut\.m2\repository\org\springframework\spring-aop\5.2.1.RELEASE\spring-aop-5.2.1.RELEASE.jar;C:\Users\beaut\.m2\repository\org\aspectj\aspectjweaver\1.9.4\aspectjweaver-1.9.4.jar;C:\Users\beaut\.m2\repository\org\springframework\boot\spring-boot-starter-jdbc\2.2.1.RELEASE\spring-boot-starter-jdbc-2.2.1.RELEASE.jar;C:\Users\beaut\.m2\repository\com\zaxxer\HikariCP\3.4.1\HikariCP-3.4.1.jar;C:\Users\beaut\.m2\repository\org\springframework\spring-jdbc\5.2.1.RELEASE\spring-jdbc-5.2.1.RELEASE.jar;C:\Users\beaut\.m2\repository\javax\transaction\javax.transaction-api\1.3\javax.transaction-api-1.3.jar;C:\Users\beaut\.m2\repository\javax\xml\bind\jaxb-api\2.3.1\jaxb-api-2.3.1.jar;C:\Users\beaut\.m2\repository\javax\activation\javax.activation-api\1.2.0\javax.activation-api-1.2.0.jar;C:\Users\beaut\.m2\repository\org\hibernate\hibernate-core\5.4.8.Final\hibernate-core-5.4.8.Final.jar;C:\Users\beaut\.m2\repository\org\jboss\logging\jboss-logging\3.4.1.Final\jboss-logging-3.4.1.Final.jar;C:\Users\beaut\.m2\repository\javax\persistence\javax.persistence-api\2.2\javax.persistence-api-2.2.jar;C:\Users\beaut\.m2\repository\org\javassist\javassist\3.24.0-GA\javassist-3.24.0-GA.jar;C:\Users\beaut\.m2\repository\net\bytebuddy\byte-buddy\1.10.2\byte-buddy-1.10.2.jar;C:\Users\beaut\.m2\repository\antlr\antlr\2.7.7\antlr-2.7.7.jar;C:\Users\beaut\.m2\repository\org\jboss\jandex\2.0.5.Final\jandex-2.0.5.Final.jar;C:\Users\beaut\.m2\repository\org\dom4j\dom4j\2.1.1\dom4j-2.1.1.jar;C:\Users\beaut\.m2\repository\org\hibernate\common\hibernate-commons-annotations\5.1.0.Final\hibernate-commons-annotations-5.1.0.Final.jar;C:\Users\beaut\.m2\repository\org\glassfish\jaxb\jaxb-runtime\2.3.2\jaxb-runtime-2.3.2.jar;C:\Users\beaut\.m2\repository\jakarta\xml\bind\jakarta.xml.bind-api\2.3.2\jakarta.xml.bind-api-2.3.2.jar;C:\Users\beaut\.m2\repository\org\glassfish\jaxb\txw2\2.3.2\txw2-2.3.2.jar;C:\Users\beaut\.m2\repository\com\sun\istack\istack-commons-runtime\3.0.8\istack-commons-runtime-3.0.8.jar;C:\Users\beaut\.m2\repository\org\jvnet\staxex\stax-ex\1.8.1\stax-ex-1.8.1.jar;C:\Users\beaut\.m2\repository\com\sun\xml\fastinfoset\FastInfoset\1.2.16\FastInfoset-1.2.16.jar;C:\Users\beaut\.m2\repository\jakarta\activation\jakarta.activation-api\1.2.1\jakarta.activation-api-1.2.1.jar;C:\Users\beaut\.m2\repository\org\springframework\data\spring-data-jpa\2.2.1.RELEASE\spring-data-jpa-2.2.1.RELEASE.jar;C:\Users\beaut\.m2\repository\org\springframework\data\spring-data-commons\2.2.1.RELEASE\spring-data-commons-2.2.1.RELEASE.jar;C:\Users\beaut\.m2\repository\org\springframework\spring-orm\5.2.1.RELEASE\spring-orm-5.2.1.RELEASE.jar;C:\Users\beaut\.m2\repository\org\springframework\spring-tx\5.2.1.RELEASE\spring-tx-5.2.1.RELEASE.jar;C:\Users\beaut\.m2\repository\org\springframework\spring-aspects\5.2.1.RELEASE\spring-aspects-5.2.1.RELEASE.jar;C:\Users\beaut\.m2\repository\org\springframework\boot\spring-boot-starter-test\2.1.3.RELEASE\spring-boot-starter-test-2.1.3.RELEASE.jar;C:\Users\beaut\.m2\repository\org\springframework\boot\spring-boot-test\2.2.1.RELEASE\spring-boot-test-2.2.1.RELEASE.jar;C:\Users\beaut\.m2\repository\org\springframework\boot\spring-boot-test-autoconfigure\2.2.1.RELEASE\spring-boot-test-autoconfigure-2.2.1.RELEASE.jar;C:\Users\beaut\.m2\repository\com\jayway\jsonpath\json-path\2.4.0\json-path-2.4.0.jar;C:\Users\beaut\.m2\repository\net\minidev\json-smart\2.3\json-smart-2.3.jar;C:\Users\beaut\.m2\repository\net\minidev\accessors-smart\1.2\accessors-smart-1.2.jar;C:\Users\beaut\.m2\repository\org\ow2\asm\asm\5.0.4\asm-5.0.4.jar;C:\Users\beaut\.m2\repository\junit\junit\4.12\junit-4.12.jar;C:\Users\beaut\.m2\repository\org\assertj\assertj-core\3.13.2\assertj-core-3.13.2.jar;C:\Users\beaut\.m2\repository\org\mockito\mockito-core\3.1.0\mockito-core-3.1.0.jar;C:\Users\beaut\.m2\repository\net\bytebuddy\byte-buddy-agent\1.10.2\byte-buddy-agent-1.10.2.jar;C:\Users\beaut\.m2\repository\org\objenesis\objenesis\2.6\objenesis-2.6.jar;C:\Users\beaut\.m2\repository\org\hamcrest\hamcrest-core\2.1\hamcrest-core-2.1.jar;C:\Users\beaut\.m2\repository\org\hamcrest\hamcrest\2.1\hamcrest-2.1.jar;C:\Users\beaut\.m2\repository\org\hamcrest\hamcrest-library\2.1\hamcrest-library-2.1.jar;C:\Users\beaut\.m2\repository\org\skyscreamer\jsonassert\1.5.0\jsonassert-1.5.0.jar;C:\Users\beaut\.m2\repository\com\vaadin\external\google\android-json\0.0.20131108.vaadin1\android-json-0.0.20131108.vaadin1.jar;C:\Users\beaut\.m2\repository\org\xmlunit\xmlunit-core\2.6.3\xmlunit-core-2.6.3.jar;C:\Users\beaut\.m2\repository\org\springframework\boot\spring-boot-starter-web\2.2.1.RELEASE\spring-boot-starter-web-2.2.1.RELEASE.jar;C:\Users\beaut\.m2\repository\org\springframework\boot\spring-boot-starter-json\2.2.1.RELEASE\spring-boot-starter-json-2.2.1.RELEASE.jar;C:\Users\beaut\.m2\repository\com\fasterxml\jackson\core\jackson-databind\2.10.0\jackson-databind-2.10.0.jar;C:\Users\beaut\.m2\repository\com\fasterxml\jackson\core\jackson-core\2.10.0\jackson-core-2.10.0.jar;C:\Users\beaut\.m2\repository\com\fasterxml\jackson\datatype\jackson-datatype-jdk8\2.10.0\jackson-datatype-jdk8-2.10.0.jar;C:\Users\beaut\.m2\repository\com\fasterxml\jackson\datatype\jackson-datatype-jsr310\2.10.0\jackson-datatype-jsr310-2.10.0.jar;C:\Users\beaut\.m2\repository\com\fasterxml\jackson\module\jackson-module-parameter-names\2.10.0\jackson-module-parameter-names-2.10.0.jar;C:\Users\beaut\.m2\repository\org\springframework\boot\spring-boot-starter-tomcat\2.2.1.RELEASE\spring-boot-starter-tomcat-2.2.1.RELEASE.jar;C:\Users\beaut\.m2\repository\org\apache\tomcat\embed\tomcat-embed-core\9.0.27\tomcat-embed-core-9.0.27.jar;C:\Users\beaut\.m2\repository\org\apache\tomcat\embed\tomcat-embed-el\9.0.27\tomcat-embed-el-9.0.27.jar;C:\Users\beaut\.m2\repository\org\apache\tomcat\embed\tomcat-embed-websocket\9.0.27\tomcat-embed-websocket-9.0.27.jar;C:\Users\beaut\.m2\repository\org\springframework\boot\spring-boot-starter-validation\2.2.1.RELEASE\spring-boot-starter-validation-2.2.1.RELEASE.jar;C:\Users\beaut\.m2\repository\jakarta\validation\jakarta.validation-api\2.0.1\jakarta.validation-api-2.0.1.jar;C:\Users\beaut\.m2\repository\org\hibernate\validator\hibernate-validator\6.0.18.Final\hibernate-validator-6.0.18.Final.jar;C:\Users\beaut\.m2\repository\org\springframework\spring-webmvc\5.2.1.RELEASE\spring-webmvc-5.2.1.RELEASE.jar;C:\Users\beaut\.m2\repository\org\springframework\spring-expression\5.2.1.RELEASE\spring-expression-5.2.1.RELEASE.jar;C:\Users\beaut\.m2\repository\io\springfox\springfox-swagger2\2.6.1\springfox-swagger2-2.6.1.jar;C:\Users\beaut\.m2\repository\io\swagger\swagger-annotations\1.5.10\swagger-annotations-1.5.10.jar;C:\Users\beaut\.m2\repository\io\swagger\swagger-models\1.5.10\swagger-models-1.5.10.jar;C:\Users\beaut\.m2\repository\com\fasterxml\jackson\core\jackson-annotations\2.10.0\jackson-annotations-2.10.0.jar;C:\Users\beaut\.m2\repository\io\springfox\springfox-spi\2.6.1\springfox-spi-2.6.1.jar;C:\Users\beaut\.m2\repository\io\springfox\springfox-core\2.6.1\springfox-core-2.6.1.jar;C:\Users\beaut\.m2\repository\io\springfox\springfox-schema\2.6.1\springfox-schema-2.6.1.jar;C:\Users\beaut\.m2\repository\io\springfox\springfox-swagger-common\2.6.1\springfox-swagger-common-2.6.1.jar;C:\Users\beaut\.m2\repository\io\springfox\springfox-spring-web\2.6.1\springfox-spring-web-2.6.1.jar;C:\Users\beaut\.m2\repository\com\google\guava\guava\18.0\guava-18.0.jar;C:\Users\beaut\.m2\repository\com\fasterxml\classmate\1.5.1\classmate-1.5.1.jar;C:\Users\beaut\.m2\repository\org\slf4j\slf4j-api\1.7.29\slf4j-api-1.7.29.jar;C:\Users\beaut\.m2\repository\org\springframework\plugin\spring-plugin-core\1.2.0.RELEASE\spring-plugin-core-1.2.0.RELEASE.jar;C:\Users\beaut\.m2\repository\org\springframework\plugin\spring-plugin-metadata\1.2.0.RELEASE\spring-plugin-metadata-1.2.0.RELEASE.jar;C:\Users\beaut\.m2\repository\org\mapstruct\mapstruct\1.0.0.Final\mapstruct-1.0.0.Final.jar;C:\Users\beaut\.m2\repository\io\springfox\springfox-swagger-ui\2.6.1\springfox-swagger-ui-2.6.1.jar;C:\Users\beaut\.m2\repository\org\springframework\spring-test\5.2.2.RELEASE\spring-test-5.2.2.RELEASE.jar;C:\Users\beaut\.m2\repository\org\springframework\spring-web\5.2.2.RELEASE\spring-web-5.2.2.RELEASE.jar;C:\Users\beaut\.m2\repository\org\springframework\spring-beans\5.2.1.RELEASE\spring-beans-5.2.1.RELEASE.jar;C:\Users\beaut\.m2\repository\com\google\firebase\firebase-admin\6.11.0\firebase-admin-6.11.0.jar;C:\Users\beaut\.m2\repository\com\google\api-client\google-api-client\1.30.1\google-api-client-1.30.1.jar;C:\Users\beaut\.m2\repository\com\google\oauth-client\google-oauth-client\1.30.1\google-oauth-client-1.30.1.jar;C:\Users\beaut\.m2\repository\com\google\http-client\google-http-client-jackson2\1.30.1\google-http-client-jackson2-1.30.1.jar;C:\Users\beaut\.m2\repository\com\google\api-client\google-api-client-gson\1.30.1\google-api-client-gson-1.30.1.jar;C:\Users\beaut\.m2\repository\com\google\http-client\google-http-client-gson\1.30.1\google-http-client-gson-1.30.1.jar;C:\Users\beaut\.m2\repository\com\google\http-client\google-http-client\1.30.1\google-http-client-1.30.1.jar;C:\Users\beaut\.m2\repository\org\apache\httpcomponents\httpclient\4.5.10\httpclient-4.5.10.jar;C:\Users\beaut\.m2\repository\org\apache\httpcomponents\httpcore\4.4.12\httpcore-4.4.12.jar;C:\Users\beaut\.m2\repository\commons-codec\commons-codec\1.13\commons-codec-1.13.jar;C:\Users\beaut\.m2\repository\com\google\code\findbugs\jsr305\3.0.2\jsr305-3.0.2.jar;C:\Users\beaut\.m2\repository\com\google\j2objc\j2objc-annotations\1.3\j2objc-annotations-1.3.jar;C:\Users\beaut\.m2\repository\io\opencensus\opencensus-api\0.21.0\opencensus-api-0.21.0.jar;C:\Users\beaut\.m2\repository\io\grpc\grpc-context\1.19.0\grpc-context-1.19.0.jar;C:\Users\beaut\.m2\repository\io\opencensus\opencensus-contrib-http-util\0.21.0\opencensus-contrib-http-util-0.21.0.jar;C:\Users\beaut\.m2\repository\com\google\api\api-common\1.8.1\api-common-1.8.1.jar;C:\Users\beaut\.m2\repository\javax\annotation\javax.annotation-api\1.3.2\javax.annotation-api-1.3.2.jar;C:\Users\beaut\.m2\repository\com\google\auth\google-auth-library-oauth2-http\0.17.1\google-auth-library-oauth2-http-0.17.1.jar;C:\Users\beaut\.m2\repository\com\google\auto\value\auto-value-annotations\1.6.6\auto-value-annotations-1.6.6.jar;C:\Users\beaut\.m2\repository\com\google\auth\google-auth-library-credentials\0.17.1\google-auth-library-credentials-0.17.1.jar;C:\Users\beaut\.m2\repository\com\google\cloud\google-cloud-storage\1.91.0\google-cloud-storage-1.91.0.jar;C:\Users\beaut\.m2\repository\com\google\cloud\google-cloud-core-http\1.90.0\google-cloud-core-http-1.90.0.jar;C:\Users\beaut\.m2\repository\com\google\cloud\google-cloud-core\1.90.0\google-cloud-core-1.90.0.jar;C:\Users\beaut\.m2\repository\com\google\api\gax\1.48.1\gax-1.48.1.jar;C:\Users\beaut\.m2\repository\com\google\protobuf\protobuf-java-util\3.9.1\protobuf-java-util-3.9.1.jar;C:\Users\beaut\.m2\repository\com\google\errorprone\error_prone_annotations\2.3.2\error_prone_annotations-2.3.2.jar;C:\Users\beaut\.m2\repository\com\google\api\grpc\proto-google-iam-v1\0.12.0\proto-google-iam-v1-0.12.0.jar;C:\Users\beaut\.m2\repository\com\google\http-client\google-http-client-appengine\1.31.0\google-http-client-appengine-1.31.0.jar;C:\Users\beaut\.m2\repository\com\google\api\gax-httpjson\0.65.1\gax-httpjson-0.65.1.jar;C:\Users\beaut\.m2\repository\org\threeten\threetenbp\1.3.3\threetenbp-1.3.3.jar;C:\Users\beaut\.m2\repository\com\google\apis\google-api-services-storage\v1-rev20190624-1.30.1\google-api-services-storage-v1-rev20190624-1.30.1.jar;C:\Users\beaut\.m2\repository\com\google\cloud\google-cloud-firestore\1.21.0\google-cloud-firestore-1.21.0.jar;C:\Users\beaut\.m2\repository\com\google\cloud\google-cloud-core-grpc\1.90.0\google-cloud-core-grpc-1.90.0.jar;C:\Users\beaut\.m2\repository\com\google\api\gax-grpc\1.48.1\gax-grpc-1.48.1.jar;C:\Users\beaut\.m2\repository\io\grpc\grpc-stub\1.23.0\grpc-stub-1.23.0.jar;C:\Users\beaut\.m2\repository\io\grpc\grpc-api\1.23.0\grpc-api-1.23.0.jar;C:\Users\beaut\.m2\repository\org\codehaus\mojo\animal-sniffer-annotations\1.17\animal-sniffer-annotations-1.17.jar;C:\Users\beaut\.m2\repository\io\grpc\grpc-auth\1.23.0\grpc-auth-1.23.0.jar;C:\Users\beaut\.m2\repository\io\grpc\grpc-protobuf\1.23.0\grpc-protobuf-1.23.0.jar;C:\Users\beaut\.m2\repository\io\grpc\grpc-protobuf-lite\1.23.0\grpc-protobuf-lite-1.23.0.jar;C:\Users\beaut\.m2\repository\io\grpc\grpc-netty-shaded\1.23.0\grpc-netty-shaded-1.23.0.jar;C:\Users\beaut\.m2\repository\io\grpc\grpc-core\1.23.0\grpc-core-1.23.0.jar;C:\Users\beaut\.m2\repository\com\google\android\annotations\4.1.1.4\annotations-4.1.1.4.jar;C:\Users\beaut\.m2\repository\io\perfmark\perfmark-api\0.17.0\perfmark-api-0.17.0.jar;C:\Users\beaut\.m2\repository\io\opencensus\opencensus-contrib-grpc-metrics\0.21.0\opencensus-contrib-grpc-metrics-0.21.0.jar;C:\Users\beaut\.m2\repository\io\grpc\grpc-alts\1.23.0\grpc-alts-1.23.0.jar;C:\Users\beaut\.m2\repository\io\grpc\grpc-grpclb\1.23.0\grpc-grpclb-1.23.0.jar;C:\Users\beaut\.m2\repository\org\apache\commons\commons-lang3\3.9\commons-lang3-3.9.jar;C:\Users\beaut\.m2\repository\com\google\api\grpc\proto-google-cloud-firestore-admin-v1\1.21.0\proto-google-cloud-firestore-admin-v1-1.21.0.jar;C:\Users\beaut\.m2\repository\com\google\protobuf\protobuf-java\3.9.1\protobuf-java-3.9.1.jar;C:\Users\beaut\.m2\repository\com\google\api\grpc\proto-google-common-protos\1.16.0\proto-google-common-protos-1.16.0.jar;C:\Users\beaut\.m2\repository\com\google\api\grpc\proto-google-cloud-firestore-v1\1.21.0\proto-google-cloud-firestore-v1-1.21.0.jar;C:\Users\beaut\.m2\repository\com\google\api\grpc\proto-google-cloud-firestore-v1beta1\0.74.0\proto-google-cloud-firestore-v1beta1-0.74.0.jar;C:\Users\beaut\.m2\repository\io\opencensus\opencensus-contrib-grpc-util\0.23.0\opencensus-contrib-grpc-util-0.23.0.jar;C:\Users\beaut\.m2\repository\io\netty\netty-codec-http\4.1.43.Final\netty-codec-http-4.1.43.Final.jar;C:\Users\beaut\.m2\repository\io\netty\netty-common\4.1.43.Final\netty-common-4.1.43.Final.jar;C:\Users\beaut\.m2\repository\io\netty\netty-buffer\4.1.43.Final\netty-buffer-4.1.43.Final.jar;C:\Users\beaut\.m2\repository\io\netty\netty-codec\4.1.43.Final\netty-codec-4.1.43.Final.jar;C:\Users\beaut\.m2\repository\io\netty\netty-handler\4.1.43.Final\netty-handler-4.1.43.Final.jar;C:\Users\beaut\.m2\repository\io\netty\netty-transport\4.1.43.Final\netty-transport-4.1.43.Final.jar;C:\Users\beaut\.m2\repository\io\netty\netty-resolver\4.1.43.Final\netty-resolver-4.1.43.Final.jar;"/>
    <property name="sun.cpu.endian" value="little"/>
    <property name="user.home" value="C:\Users\beaut"/>
    <property name="user.language" value="en"/>
    <property name="java.specification.vendor" value="Oracle Corporation"/>
    <property name="java.version.date" value="2019-07-16"/>
    <property name="java.home" value="C:\Program Files\Java\jdk-12.0.2"/>
    <property name="file.separator" value="\"/>
    <property name="basedir" value="D:\School\Fontys\Leerjaar_2\Individueel\animechat-rest"/>
    <property name="java.vm.compressedOopsMode" value="Zero based"/>
    <property name="line.separator" value="&#10;"/>
    <property name="java.vm.specification.vendor" value="Oracle Corporation"/>
    <property name="java.specification.name" value="Java Platform API Specification"/>
    <property name="java.awt.graphicsenv" value="sun.awt.Win32GraphicsEnvironment"/>
    <property name="surefire.real.class.path" value="C:\Users\beaut\AppData\Local\Temp\surefire18235927175254498975\surefirebooter14440035242292533041.jar"/>
    <property name="user.script" value=""/>
    <property name="sun.management.compiler" value="HotSpot 64-Bit Tiered Compilers"/>
    <property name="java.runtime.version" value="12.0.2+10"/>
    <property name="user.name" value="beaut"/>
    <property name="path.separator" value=";"/>
    <property name="os.version" value="10.0"/>
    <property name="java.runtime.name" value="Java(TM) SE Runtime Environment"/>
    <property name="file.encoding" value="Cp1252"/>
    <property name="java.vm.name" value="Java HotSpot(TM) 64-Bit Server VM"/>
    <property name="localRepository" value="C:\Users\beaut\.m2\repository"/>
    <property name="java.vendor.url.bug" value="https://bugreport.java.com/bugreport/"/>
    <property name="java.io.tmpdir" value="C:\Users\beaut\AppData\Local\Temp\"/>
    <property name="java.version" value="12.0.2"/>
    <property name="user.dir" value="D:\School\Fontys\Leerjaar_2\Individueel\animechat-rest"/>
    <property name="os.arch" value="amd64"/>
    <property name="java.vm.specification.name" value="Java Virtual Machine Specification"/>
    <property name="sun.os.patch.level" value=""/>
    <property name="java.library.path" value="C:\Program Files\Java\jdk-12.0.2\bin;C:\WINDOWS\Sun\Java\bin;C:\WINDOWS\system32;C:\WINDOWS;C:\ProgramData\DockerDesktop\version-bin;C:\Program Files\Docker\Docker\Resources\bin;C:\Program Files (x86)\NVIDIA Corporation\PhysX\Common;C:\Program Files\Java\jdk-12.0.2\bin;C:\WINDOWS\system32;C:\WINDOWS;C:\WINDOWS\System32\Wbem;C:\WINDOWS\System32\WindowsPowerShell\v1.0\;C:\WINDOWS\System32\OpenSSH\;C:\Program Files\dotnet\;C:\Program Files\Microsoft SQL Server\130\Tools\Binn\;C:\Program Files\Git\cmd;C:\Program Files (x86)\Brackets\command;C:\Program Files\PuTTY\;C:\Program Files\NVIDIA Corporation\NVIDIA NvDLISR;C:\apache-maven-3.6.2\bin;C:\WINDOWS\system32;C:\WINDOWS;C:\WINDOWS\System32\Wbem;C:\WINDOWS\System32\WindowsPowerShell\v1.0\;C:\WINDOWS\System32\OpenSSH\;C:\Program Files\nodejs\;C:\kubectl;C:\Users\beaut\AppData\Local\Microsoft\WindowsApps;C:\Users\beaut\.dotnet\tools;C:\Users\beaut\AppData\Local\Microsoft\WindowsApps;C:\Users\beaut\AppData\Roaming\npm;."/>
    <property name="java.vm.info" value="mixed mode, sharing"/>
    <property name="java.vendor" value="Oracle Corporation"/>
    <property name="java.vm.version" value="12.0.2+10"/>
    <property name="sun.io.unicode.encoding" value="UnicodeLittle"/>
    <property name="java.class.version" value="56.0"/>
  </properties>
  <testcase name="AddUserIncorrectly" classname="animechat.rest.api.IntergrationApplicationTests" time="0.256"/>
  <testcase name="GetFilledNonFriendListNoDotEmail" classname="animechat.rest.api.IntergrationApplicationTests" time="0.032"/>
  <testcase name="GetEmptyNonFriendList" classname="animechat.rest.api.IntergrationApplicationTests" time="0.201"/>
  <testcase name="GetFilledNonFriendListNoAtEmail" classname="animechat.rest.api.IntergrationApplicationTests" time="0.03"/>
  <testcase name="GetFilledFriendList" classname="animechat.rest.api.IntergrationApplicationTests" time="0.035"/>
  <testcase name="GetFilledFriendListNoAtEmail" classname="animechat.rest.api.IntergrationApplicationTests" time="0.025"/>
  <testcase name="AddUserButFriend" classname="animechat.rest.api.IntergrationApplicationTests" time="0.063"/>
  <testcase name="AddUserCorrectly" classname="animechat.rest.api.IntergrationApplicationTests" time="0.028"/>
  <testcase name="GetFilledFriendListNoDotEmail" classname="animechat.rest.api.IntergrationApplicationTests" time="0.039"/>
  <testcase name="GetFilledNonFriendList" classname="animechat.rest.api.IntergrationApplicationTests" time="0.026"/>
  <testcase name="AddFriendIncorrectly" classname="animechat.rest.api.IntergrationApplicationTests" time="0.072"/>
  <testcase name="AddFriendCorrectly" classname="animechat.rest.api.IntergrationApplicationTests" time="0.03"/>
  <testcase name="GetEmptyFriendList" classname="animechat.rest.api.IntergrationApplicationTests" time="0.036"/>
  <testcase name="Get404Error" classname="animechat.rest.api.IntergrationApplicationTests" time="0.037"/>
  <testcase name="AddFriendButUser" classname="animechat.rest.api.IntergrationApplicationTests" time="0.038"/>
</testsuite>